<?xml version="1.0" encoding="UTF-8"?>
<testng-results skipped="0" failed="0" ignored="0" total="1" passed="1">
  <reporter-output>
  </reporter-output>
  <suite name="tests.Tests" duration-ms="20263" started-at="2022-01-11T12:59:34 ART" finished-at="2022-01-11T12:59:54 ART">
    <groups>
    </groups>
    <test name="Command line test" duration-ms="20263" started-at="2022-01-11T12:59:34 ART" finished-at="2022-01-11T12:59:54 ART">
      <class name="tests.Tests">
        <test-method status="PASS" signature="setUp()[pri:0, instance:tests.Tests@7d907bac]" name="setUp" is-config="true" duration-ms="15677" started-at="2022-01-11T12:59:34 ART" finished-at="2022-01-11T12:59:50 ART">
          <reporter-output>
          </reporter-output>
        </test-method> <!-- setUp -->
        <test-method status="PASS" signature="selectWomen()[pri:0, instance:tests.Tests@7d907bac]" name="selectWomen" duration-ms="4398" started-at="2022-01-11T12:59:50 ART" finished-at="2022-01-11T12:59:54 ART">
          <reporter-output>
          </reporter-output>
        </test-method> <!-- selectWomen -->
        <test-method status="PASS" signature="tearDown()[pri:0, instance:tests.Tests@7d907bac]" name="tearDown" is-config="true" duration-ms="131" started-at="2022-01-11T12:59:54 ART" finished-at="2022-01-11T12:59:54 ART">
          <reporter-output>
          </reporter-output>
        </test-method> <!-- tearDown -->
      </class> <!-- tests.Tests -->
    </test> <!-- Command line test -->
  </suite> <!-- tests.Tests -->
</testng-results>
